<?xml version="1.0" encoding="UTF-8"?>
<testng-results skipped="0" failed="0" ignored="0" total="3" passed="3">
  <reporter-output>
  </reporter-output>
  <suite name="Default suite" duration-ms="74" started-at="2019-06-16T15:47:59Z" finished-at="2019-06-16T15:47:59Z">
    <groups>
    </groups>
    <test name="Default test" duration-ms="74" started-at="2019-06-16T15:47:59Z" finished-at="2019-06-16T15:47:59Z">
      <class name="testng.Demo1">
        <test-method status="PASS" signature="f()[pri:0, instance:testng.Demo1@5d5eef3d]" name="f" duration-ms="21" started-at="2019-06-16T15:47:59Z" finished-at="2019-06-16T15:47:59Z">
          <reporter-output>
          </reporter-output>
        </test-method> <!-- f -->
        <test-method status="PASS" signature="f1()[pri:0, instance:testng.Demo1@5d5eef3d]" name="f1" duration-ms="3" started-at="2019-06-16T15:47:59Z" finished-at="2019-06-16T15:47:59Z">
          <reporter-output>
          </reporter-output>
        </test-method> <!-- f1 -->
        <test-method status="PASS" signature="f3()[pri:0, instance:testng.Demo1@5d5eef3d]" name="f3" duration-ms="2" started-at="2019-06-16T15:47:59Z" finished-at="2019-06-16T15:47:59Z">
          <reporter-output>
          </reporter-output>
        </test-method> <!-- f3 -->
      </class> <!-- testng.Demo1 -->
    </test> <!-- Default test -->
  </suite> <!-- Default suite -->
</testng-results>
