<?xml version="1.0" encoding="UTF-8"?>
<testng-results skipped="0" failed="0" ignored="2" total="4" passed="2">
  <reporter-output>
  </reporter-output>
  <suite name="Default suite" duration-ms="70" started-at="2019-06-16T17:06:36Z" finished-at="2019-06-16T17:06:36Z">
    <groups>
    </groups>
    <test name="Default test" duration-ms="70" started-at="2019-06-16T17:06:36Z" finished-at="2019-06-16T17:06:36Z">
      <class name="TestNG.EnablingnDisabling">
        <test-method status="PASS" signature="BeforeEveryTest()[pri:0, instance:TestNG.EnablingnDisabling@6cc4c815]" name="BeforeEveryTest" is-config="true" duration-ms="8" started-at="2019-06-16T17:06:36Z" finished-at="2019-06-16T17:06:36Z">
          <reporter-output>
          </reporter-output>
        </test-method> <!-- BeforeEveryTest -->
        <test-method status="PASS" signature="f1()[pri:0, instance:TestNG.EnablingnDisabling@6cc4c815]" name="f1" duration-ms="12" started-at="2019-06-16T17:06:36Z" finished-at="2019-06-16T17:06:36Z">
          <reporter-output>
          </reporter-output>
        </test-method> <!-- f1 -->
        <test-method status="PASS" signature="BeforeEveryMethod()[pri:0, instance:TestNG.EnablingnDisabling@6cc4c815]" name="BeforeEveryMethod" is-config="true" duration-ms="0" started-at="2019-06-16T17:06:36Z" finished-at="2019-06-16T17:06:36Z">
          <reporter-output>
          </reporter-output>
        </test-method> <!-- BeforeEveryMethod -->
        <test-method status="PASS" signature="AfterEveryMethod()[pri:0, instance:TestNG.EnablingnDisabling@6cc4c815]" name="AfterEveryMethod" is-config="true" duration-ms="0" started-at="2019-06-16T17:06:36Z" finished-at="2019-06-16T17:06:36Z">
          <reporter-output>
          </reporter-output>
        </test-method> <!-- AfterEveryMethod -->
        <test-method status="PASS" signature="BeforeEveryMethod()[pri:0, instance:TestNG.EnablingnDisabling@6cc4c815]" name="BeforeEveryMethod" is-config="true" duration-ms="1" started-at="2019-06-16T17:06:36Z" finished-at="2019-06-16T17:06:36Z">
          <reporter-output>
          </reporter-output>
        </test-method> <!-- BeforeEveryMethod -->
        <test-method status="PASS" signature="f3()[pri:0, instance:TestNG.EnablingnDisabling@6cc4c815]" name="f3" duration-ms="3" started-at="2019-06-16T17:06:36Z" finished-at="2019-06-16T17:06:36Z">
          <reporter-output>
          </reporter-output>
        </test-method> <!-- f3 -->
        <test-method status="PASS" signature="AfterEveryMethod()[pri:0, instance:TestNG.EnablingnDisabling@6cc4c815]" name="AfterEveryMethod" is-config="true" duration-ms="1" started-at="2019-06-16T17:06:36Z" finished-at="2019-06-16T17:06:36Z">
          <reporter-output>
          </reporter-output>
        </test-method> <!-- AfterEveryMethod -->
        <test-method status="PASS" signature="afterAllTest()[pri:0, instance:TestNG.EnablingnDisabling@6cc4c815]" name="afterAllTest" is-config="true" duration-ms="0" started-at="2019-06-16T17:06:36Z" finished-at="2019-06-16T17:06:36Z">
          <reporter-output>
          </reporter-output>
        </test-method> <!-- afterAllTest -->
      </class> <!-- TestNG.EnablingnDisabling -->
    </test> <!-- Default test -->
  </suite> <!-- Default suite -->
</testng-results>
