<?xml version="1.0" encoding="UTF-8"?>
<!-- Generated by org.testng.reporters.JUnitXMLReporter -->
<testsuite hostname="kartikey" ignored="0" name="Test" tests="1" failures="1" timestamp="2019-07-06T19:25:05 IST" time="10.331" errors="0">
  <testcase name="f" time="6.649" classname="Edureka.NewTest">
    <failure type="java.lang.AssertionError" message="did not expect to find [true] but found [false]">
      <![CDATA[java.lang.AssertionError: did not expect to find [true] but found [false]
at Edureka.NewTest.f(NewTest.java:16)
at java.util.ArrayList.forEach(Unknown Source)
... Removed 31 stack frames]]>
    </failure>
  </testcase> <!-- f -->
</testsuite> <!-- Test -->
