<?xml version="1.0" encoding="UTF-8"?>
<testng-results skipped="0" failed="0" ignored="0" total="1" passed="1">
  <reporter-output>
  </reporter-output>
  <suite name="Default suite" duration-ms="9138" started-at="2019-06-30T11:32:53Z" finished-at="2019-06-30T11:33:02Z">
    <groups>
    </groups>
    <test name="Default test" duration-ms="9138" started-at="2019-06-30T11:32:53Z" finished-at="2019-06-30T11:33:02Z">
      <class name="keyWordDrivenFramework.Application">
        <test-method status="PASS" signature="applicationTest()[pri:0, instance:keyWordDrivenFramework.Application@4678c730]" name="applicationTest" duration-ms="9117" started-at="2019-06-30T11:32:53Z" finished-at="2019-06-30T11:33:02Z">
          <reporter-output>
          </reporter-output>
        </test-method> <!-- applicationTest -->
      </class> <!-- keyWordDrivenFramework.Application -->
    </test> <!-- Default test -->
  </suite> <!-- Default suite -->
</testng-results>
