<?xml version="1.0" encoding="UTF-8"?>
<testng-results skipped="0" failed="0" ignored="0" total="1" passed="1">
  <reporter-output>
  </reporter-output>
  <suite name="Default suite" duration-ms="15391" started-at="2019-06-23T17:10:53Z" finished-at="2019-06-23T17:11:08Z">
    <groups>
    </groups>
    <test name="Default test" duration-ms="15391" started-at="2019-06-23T17:10:53Z" finished-at="2019-06-23T17:11:08Z">
      <class name="edu.TestCase.VerifyValidLogin">
        <test-method status="PASS" signature="checkValidUser()[pri:0, instance:edu.TestCase.VerifyValidLogin@5d5eef3d]" name="checkValidUser" duration-ms="15351" started-at="2019-06-23T17:10:53Z" finished-at="2019-06-23T17:11:08Z">
          <reporter-output>
          </reporter-output>
        </test-method> <!-- checkValidUser -->
      </class> <!-- edu.TestCase.VerifyValidLogin -->
    </test> <!-- Default test -->
  </suite> <!-- Default suite -->
</testng-results>
