<?xml version="1.0" encoding="UTF-8"?>
<testng-results skipped="0" failed="0" ignored="0" total="1" passed="1">
  <reporter-output>
  </reporter-output>
  <suite name="Default suite" duration-ms="8367" started-at="2019-07-07T10:04:08Z" finished-at="2019-07-07T10:04:16Z">
    <groups>
    </groups>
    <test name="Default test" duration-ms="8367" started-at="2019-07-07T10:04:08Z" finished-at="2019-07-07T10:04:16Z">
      <class name="headLessBrowserTesting.PhantomJS">
        <test-method status="PASS" signature="verifyFaceBookTitle()[pri:0, instance:headLessBrowserTesting.PhantomJS@2d8f65a4]" name="verifyFaceBookTitle" duration-ms="8340" started-at="2019-07-07T10:04:08Z" finished-at="2019-07-07T10:04:16Z">
          <reporter-output>
          </reporter-output>
        </test-method> <!-- verifyFaceBookTitle -->
      </class> <!-- headLessBrowserTesting.PhantomJS -->
    </test> <!-- Default test -->
  </suite> <!-- Default suite -->
</testng-results>
