<?xml version="1.0" encoding="UTF-8"?>
<!-- Generated by org.testng.reporters.JUnitXMLReporter -->
<testsuite hostname="kartikey" ignored="2" name="Default test" tests="2" failures="0" timestamp="16 Jun 2019 17:06:36 GMT" time="0.07" errors="0">
  <testcase name="f1" time="0.012" classname="TestNG.EnablingnDisabling"/>
  <testcase name="f3" time="0.003" classname="TestNG.EnablingnDisabling"/>
  <testcase name="f2" time="0.0" classname="TestNG.EnablingnDisabling">
    <ignored/>
  </testcase> <!-- f2 -->
  <testcase name="f4" time="0.0" classname="TestNG.EnablingnDisabling">
    <ignored/>
  </testcase> <!-- f4 -->
</testsuite> <!-- Default test -->
